d:\bishe\vsqt\src\qtwidgets_bishe\qtwidgets_bishe\debug\qtwidgets_bishe.obj
d:\bishe\vsqt\src\qtwidgets_bishe\qtwidgets_bishe\debug\main.obj
d:\bishe\vsqt\src\qtwidgets_bishe\qtwidgets_bishe\debug\ctrlwidget.obj
d:\bishe\vsqt\src\qtwidgets_bishe\qtwidgets_bishe\debug\vc140.pdb
d:\bishe\vsqt\src\qtwidgets_bishe\qtwidgets_bishe\debug\moc_ctrlwidget.obj
d:\bishe\vsqt\src\qtwidgets_bishe\qtwidgets_bishe\debug\moc_qtwidgets_bishe.obj
d:\bishe\vsqt\src\qtwidgets_bishe\qtwidgets_bishe\debug\qrc_qtwidgets_bishe.obj
d:\bishe\vsqt\src\qtwidgets_bishe\debug\qtwidgets_bishe.ilk
d:\bishe\vsqt\src\qtwidgets_bishe\debug\qtwidgets_bishe.exe
d:\bishe\vsqt\src\qtwidgets_bishe\debug\qtwidgets_bishe.pdb
d:\bishe\vsqt\src\qtwidgets_bishe\qtwidgets_bishe\debug\moc\moc_qtwidgets_bishe.cpp
d:\bishe\vsqt\src\qtwidgets_bishe\qtwidgets_bishe\debug\moc\moc_ctrlwidget.cpp
d:\bishe\vsqt\src\qtwidgets_bishe\qtwidgets_bishe\debug\uic\ui_ctrlwidget.h
d:\bishe\vsqt\src\qtwidgets_bishe\qtwidgets_bishe\debug\uic\ui_qtwidgets_bishe.h
d:\bishe\vsqt\src\qtwidgets_bishe\qtwidgets_bishe\debug\rcc\qrc_qtwidgets_bishe.cpp
d:\bishe\vsqt\src\qtwidgets_bishe\qtwidgets_bishe\debug\qtwidgets_bishe.tlog\cl.command.1.tlog
d:\bishe\vsqt\src\qtwidgets_bishe\qtwidgets_bishe\debug\qtwidgets_bishe.tlog\cl.read.1.tlog
d:\bishe\vsqt\src\qtwidgets_bishe\qtwidgets_bishe\debug\qtwidgets_bishe.tlog\cl.write.1.tlog
d:\bishe\vsqt\src\qtwidgets_bishe\qtwidgets_bishe\debug\qtwidgets_bishe.tlog\link.command.1.tlog
d:\bishe\vsqt\src\qtwidgets_bishe\qtwidgets_bishe\debug\qtwidgets_bishe.tlog\link.read.1.tlog
d:\bishe\vsqt\src\qtwidgets_bishe\qtwidgets_bishe\debug\qtwidgets_bishe.tlog\link.write.1.tlog
d:\bishe\vsqt\src\qtwidgets_bishe\qtwidgets_bishe\debug\qtwidgets_bishe.tlog\moc.read.1u.tlog
d:\bishe\vsqt\src\qtwidgets_bishe\qtwidgets_bishe\debug\qtwidgets_bishe.tlog\moc.write.1u.tlog
d:\bishe\vsqt\src\qtwidgets_bishe\qtwidgets_bishe\debug\qtwidgets_bishe.tlog\qtwidgets_bishe.write.1u.tlog
d:\bishe\vsqt\src\qtwidgets_bishe\qtwidgets_bishe\debug\qtwidgets_bishe.tlog\rcc.read.1u.tlog
d:\bishe\vsqt\src\qtwidgets_bishe\qtwidgets_bishe\debug\qtwidgets_bishe.tlog\rcc.write.1u.tlog
d:\bishe\vsqt\src\qtwidgets_bishe\qtwidgets_bishe\debug\qtwidgets_bishe.tlog\uic.read.1u.tlog
d:\bishe\vsqt\src\qtwidgets_bishe\qtwidgets_bishe\debug\qtwidgets_bishe.tlog\uic.write.1u.tlog
