C51 COMPILER V9.54   ADC                                                                   03/11/2021 23:01:56 PAGE 1   


C51 COMPILER V9.54, COMPILATION OF MODULE ADC
OBJECT MODULE PLACED IN ..\output\adc.obj
COMPILER INVOKED BY: C:\mcu\C51\C51\BIN\C51.EXE ..\bsp\adc.c OPTIMIZE(8,SPEED) BROWSE INCDIR(..\bsp;..\user) DEBUG OBJEC
                    -TEXTEND PRINT(.\Listings\adc.lst) OBJECT(..\output\adc.obj)

line level    source

   1          #include "pbdata.h"
   2          
   3          
   4          int PH_date1;
   5          int PH_date0;
   6          
   7          void init_adc()
   8          {
   9   1              _nop_();
  10   1              _nop_();
  11   1              _nop_();
  12   1              _nop_();
  13   1              _nop_();
  14   1              P1M0=0x00;
  15   1              P1M1=0x01;
  16   1              ADCCFG=0x0f;
  17   1              ADC_CONTR=0x80;
  18   1      }
  19          
  20          char get_adc(char ch)   //chs为模拟输入通道选择
  21          {
  22   1        int PH_dat=0;
  23   1              ADC_CONTR = ADC_POWER | ADC_START | ch ;
  24   1              _nop_();
  25   1              _nop_();
  26   1              _nop_();
  27   1              _nop_();
  28   1              while(!(ADC_CONTR&0x20));
  29   1              ADC_CONTR&=~0x20;
  30   1              PH_dat=ADC_RES;
  31   1              return PH_dat;
  32   1      }
  33          
  34          void read_adc()
  35          {
  36   1              PH_date0=get_adc(0x07);
  37   1              PH_date1=(PH_date0*5*1000)/256;
  38   1      }


MODULE INFORMATION:   STATIC OVERLAYABLE
   CODE SIZE        =     76    ----
   CONSTANT SIZE    =   ----    ----
   XDATA SIZE       =   ----    ----
   PDATA SIZE       =   ----    ----
   DATA SIZE        =      4    ----
   IDATA SIZE       =   ----    ----
   BIT SIZE         =   ----    ----
END OF MODULE INFORMATION.


C51 COMPILATION COMPLETE.  0 WARNING(S),  0 ERROR(S)
