C51 COMPILER V9.54   MAIN                                                                  03/11/2021 23:01:56 PAGE 1   


C51 COMPILER V9.54, COMPILATION OF MODULE MAIN
OBJECT MODULE PLACED IN ..\output\main.obj
COMPILER INVOKED BY: C:\mcu\C51\C51\BIN\C51.EXE ..\user\main.c OPTIMIZE(8,SPEED) BROWSE INCDIR(..\bsp;..\user) DEBUG OBJ
                    -ECTEXTEND PRINT(.\Listings\main.lst) OBJECT(..\output\main.obj)

line level    source

   1          #include "pbdata.h"
   2          
   3          void main()
   4          {
   5   1              UartInit1() ;   //串口1初始化
   6   1              UartInit2() ;   //串口2初始化
   7   1      //      UartInit3();     //串口3初始化
   8   1              Timer0Init();     //定时器0初始化
   9   1      //      init_adc();       //ad初始化
  10   1              Init_BH17502();   //初始化光照传感器2
  11   1              while(1)
  12   1              {
  13   2                      count_H_T();       //读取空气温湿度
  14   2                      read_data_BH17502(); //读取光照传感器2
  15   2                      
  16   2              }
  17   1      }


MODULE INFORMATION:   STATIC OVERLAYABLE
   CODE SIZE        =     20    ----
   CONSTANT SIZE    =   ----    ----
   XDATA SIZE       =   ----    ----
   PDATA SIZE       =   ----    ----
   DATA SIZE        =   ----    ----
   IDATA SIZE       =   ----    ----
   BIT SIZE         =   ----    ----
END OF MODULE INFORMATION.


C51 COMPILATION COMPLETE.  0 WARNING(S),  0 ERROR(S)
