C51 COMPILER V9.54   TIMER                                                                 03/11/2021 23:06:24 PAGE 1   


C51 COMPILER V9.54, COMPILATION OF MODULE TIMER
OBJECT MODULE PLACED IN ..\output\timer.obj
COMPILER INVOKED BY: C:\mcu\C51\C51\BIN\C51.EXE ..\bsp\timer.c OPTIMIZE(8,SPEED) BROWSE INCDIR(..\bsp;..\user) DEBUG OBJ
                    -ECTEXTEND PRINT(.\Listings\timer.lst) OBJECT(..\output\timer.obj)

line level    source

   1          #include "pbdata.h"
   2          
   3          
   4          
   5          void Timer0Init()               //1毫秒@11.0592MHz
   6          {
   7   1              /*定时器中断初始化*/
   8   1              AUXR |= 0x80;           //定时器时钟1T模式
   9   1              TMOD &= 0xF0;           //设置定时器模式
  10   1              TL0 = 0xcd;             //设置定时初值
  11   1              TH0 = 0xd4;             //设置定时初值
  12   1              TF0 = 0;                //清除TF0标志
  13   1              TR0 = 1;                //定时器0开始计时 
  14   1        EA = 1;
  15   1        ET0 = 1;
  16   1              /*外部中断初始化*/
  17   1              IT0=1;//跳变沿出发方式（下降沿）
  18   1              EX0=1;//打开INT0的中断允许。    
  19   1              EA=1;//打开总中断       
  20   1              
  21   1      }
  22          
  23          void time_init()  interrupt 1
  24          {
  25   1        static int i=0;
  26   1              TL0 = 0xCD;             //设置定时初值
  27   1              TH0 = 0xD4;             //设置定时初值         定时1毫秒
  28   1              
  29   1              i++;
  30   1              if(i==1000)
  31   1              {
  32   2                      //Uart1SendByte('B');
  33   2                      Uart1SendStr("空气湿度: ");
  34   2                      Uart1SendByte(humidity/100+0x30);        //空气湿度
  35   2                      Uart1SendByte(humidity%100/10+0x30);
  36   2                      Uart1SendByte('.'); 
  37   2                      Uart1SendByte(humidity%100%10+0x30); 
  38   2                      Uart1SendStr("     "); 
  39   2                      
  40   2              Uart1SendStr("空气温度: ");
  41   2                      Uart1SendByte(temp/100+0x30);        //空气温度
  42   2                      Uart1SendByte(temp%100/10+0x30);
  43   2                      Uart1SendByte('.'); 
  44   2                      Uart1SendByte(temp%100%10+0x30);        
  45   2                      Uart1SendStr("   ");
  46   2      /*              
  47   2                      Uart1SendByte('D');
  48   2                      Uart1SendByte(EC_data/10000+0x30);        //EC值
  49   2                      Uart1SendByte(EC_data%10000/1000+0x30);
  50   2                      Uart1SendByte('.');
  51   2                      Uart1SendByte(EC_data%10000%1000/100+0x30);
  52   2                      Uart1SendByte(EC_data%10000%1000%100/10+0x30);
  53   2                      Uart1SendByte(EC_data%10000%1000%100%10+0x30);
  54   2      /*              
C51 COMPILER V9.54   TIMER                                                                 03/11/2021 23:06:24 PAGE 2   

  55   2                      Uart1SendByte('E');
  56   2                      Uart1SendByte(PH_date1/100+0x30);        //PH值
  57   2                      Uart1SendByte(PH_date1%100/10+0x30);
  58   2                      Uart1SendByte('.'); 
  59   2                      Uart1SendByte(PH_date1%100%10+0x30);    
  60   2      */              
  61   2                      Uart1SendStr("光照: ");
  62   2                      Uart1SendByte(L_temp2/10000+0x30);        //光照传感器2
  63   2                      Uart1SendByte(L_temp2%10000/1000+0x30);
  64   2                      Uart1SendByte(L_temp2%10000%1000/100+0x30);
  65   2                      Uart1SendByte(L_temp2%10000%1000%100/10+0x30);
  66   2                      Uart1SendByte(L_temp2%10000%1000%100%10+0x30);
  67   2                      Uart1SendStr("\r\n");
  68   2                      Delay5ms2();
  69   2                      i=0;
  70   2              }
  71   1      
  72   1      }
  73          
  74          
  75          


MODULE INFORMATION:   STATIC OVERLAYABLE
   CODE SIZE        =    550    ----
   CONSTANT SIZE    =     40    ----
   XDATA SIZE       =   ----    ----
   PDATA SIZE       =   ----    ----
   DATA SIZE        =      2    ----
   IDATA SIZE       =   ----    ----
   BIT SIZE         =   ----    ----
END OF MODULE INFORMATION.


C51 COMPILATION COMPLETE.  0 WARNING(S),  0 ERROR(S)
